#
# There is insufficient memory for the Java Runtime Environment to continue.
# Native memory allocation (malloc) failed to allocate 1048576 bytes for AllocateHeap
# Possible reasons:
#   The system is out of physical RAM or swap space
#   The process is running with CompressedOops enabled, and the Java Heap may be blocking the growth of the native heap
# Possible solutions:
#   Reduce memory load on the system
#   Increase physical memory or swap space
#   Check if swap backing store is full
#   Decrease Java heap size (-Xmx/-Xms)
#   Decrease number of Java threads
#   Decrease Java thread stack sizes (-Xss)
#   Set larger code cache with -XX:ReservedCodeCacheSize=
#   JVM is running with Zero Based Compressed Oops mode in which the Java heap is
#     placed in the first 32GB address space. The Java Heap base address is the
#     maximum limit for the native heap growth. Please use -XX:HeapBaseMinAddress
#     to set the Java Heap base and to place the Java Heap above 32GB virtual address.
# This output file may be truncated or incomplete.
#
#  Out of Memory Error (memory/allocation.inline.hpp:61), pid=27868, tid=0x0000000000000924
#
# JRE version:  (8.0_241-b07) (build )
# Java VM: Java HotSpot(TM) 64-Bit Server VM (25.241-b07 mixed mode windows-amd64 compressed oops)
# Failed to write core dump. Minidumps are not enabled by default on client versions of Windows
#

---------------  T H R E A D  ---------------

Current thread (0x00000000025a4000):  JavaThread "Unknown thread" [_thread_in_vm, id=2340, stack(0x0000000002460000,0x0000000002560000)]

Stack: [0x0000000002460000,0x0000000002560000]
[error occurred during error reporting (printing stack bounds), id 0xc0000005]

Native frames: (J=compiled Java code, j=interpreted, Vv=VM code, C=native code)


---------------  P R O C E S S  ---------------

Java Threads: ( => current thread )

Other Threads:

=>0x00000000025a4000 (exited) JavaThread "Unknown thread" [_thread_in_vm, id=2340, stack(0x0000000002460000,0x0000000002560000)]

VM state:not at safepoint (normal execution)

VM Mutex/Monitor currently owned by a thread: None

heap address: 0x00000006c3200000, size: 4046 MB, Compressed Oops mode: Zero based, Oop shift amount: 3
Narrow klass base: 0x0000000000000000, Narrow klass shift: 3
Compressed class space size: 1073741824 Address: 0x00000007c0000000

Heap:
 PSYoungGen      total 75776K, used 1300K [0x000000076bb80000, 0x0000000771000000, 0x00000007c0000000)
  eden space 65024K, 2% used [0x000000076bb80000,0x000000076bcc51f8,0x000000076fb00000)
  from space 10752K, 0% used [0x0000000770580000,0x0000000770580000,0x0000000771000000)
  to   space 10752K, 0% used [0x000000076fb00000,0x000000076fb00000,0x0000000770580000)
 ParOldGen       total 173568K, used 0K [0x00000006c3200000, 0x00000006cdb80000, 0x000000076bb80000)
  object space 173568K, 0% used [0x00000006c3200000,0x00000006c3200000,0x00000006cdb80000)
 Metaspace       used 776K, capacity 4480K, committed 4480K, reserved 1056768K
  class space    used 76K, capacity 384K, committed 384K, reserved 1048576K

Card table byte_map: [0x0000000011b60000,0x0000000012350000] byte_map_base: 0x000000000e547000

Marking Bits: (ParMarkBitMap*) 0x000000006376be30
 Begin Bits: [0x00000000132a0000, 0x00000000171d8000)
 End Bits:   [0x00000000171d8000, 0x000000001b110000)

Polling page: 0x0000000000680000

CodeCache: size=245760Kb used=328Kb max_used=328Kb free=245431Kb
 bounds [0x00000000027a0000, 0x0000000002a10000, 0x00000000117a0000]
 total_blobs=58 nmethods=0 adapters=38
 compilation: enabled

Compilation events (0 events):
No events

GC Heap History (0 events):
No events

Deoptimization events (0 events):
No events

Classes redefined (0 events):
No events

Internal exceptions (0 events):
No events

Events (10 events):
Event: 0.034 loading class java/lang/Short
Event: 0.034 loading class java/lang/Short done
Event: 0.034 loading class java/lang/Integer
Event: 0.034 loading class java/lang/Integer done
Event: 0.034 loading class java/lang/Long
Event: 0.034 loading class java/lang/Long done
Event: 0.035 loading class java/lang/NullPointerException
Event: 0.035 loading class java/lang/NullPointerException done
Event: 0.035 loading class java/lang/ArithmeticException
Event: 0.035 loading class java/lang/ArithmeticException done


Dynamic libraries:
0x00007ff76b060000 - 0x00007ff76b097000 	C:\Program Files\Java\jdk1.8.0_241\bin\javaw.exe
0x00007ffb02450000 - 0x00007ffb02645000 	C:\WINDOWS\SYSTEM32\ntdll.dll
0x00007ffb01f90000 - 0x00007ffb0204d000 	C:\WINDOWS\System32\KERNEL32.DLL
0x00007ffb00070000 - 0x00007ffb00339000 	C:\WINDOWS\System32\KERNELBASE.dll
0x00007ffb005e0000 - 0x00007ffb0068c000 	C:\WINDOWS\System32\ADVAPI32.dll
0x00007ffb01400000 - 0x00007ffb0149e000 	C:\WINDOWS\System32\msvcrt.dll
0x00007ffb00840000 - 0x00007ffb008dc000 	C:\WINDOWS\System32\sechost.dll
0x00007ffb02050000 - 0x00007ffb0217b000 	C:\WINDOWS\System32\RPCRT4.dll
0x00007ffb014a0000 - 0x00007ffb01640000 	C:\WINDOWS\System32\USER32.dll
0x00007ffaffd70000 - 0x00007ffaffd92000 	C:\WINDOWS\System32\win32u.dll
0x00007ffb009a0000 - 0x00007ffb009ca000 	C:\WINDOWS\System32\GDI32.dll
0x00007ffaffda0000 - 0x00007ffaffeab000 	C:\WINDOWS\System32\gdi32full.dll
0x00007ffb00410000 - 0x00007ffb004ad000 	C:\WINDOWS\System32\msvcp_win.dll
0x00007ffaffc70000 - 0x00007ffaffd70000 	C:\WINDOWS\System32\ucrtbase.dll
0x00007ffaeac20000 - 0x00007ffaeaeba000 	C:\WINDOWS\WinSxS\amd64_microsoft.windows.common-controls_6595b64144ccf1df_6.0.19041.844_none_ca00b6081b84eb1d\COMCTL32.dll
0x00007ffb00e30000 - 0x00007ffb00e60000 	C:\WINDOWS\System32\IMM32.DLL
0x00000000637f0000 - 0x00000000638c2000 	C:\Program Files\Java\jdk1.8.0_241\jre\bin\msvcr100.dll
0x0000000062f40000 - 0x00000000637ec000 	C:\Program Files\Java\jdk1.8.0_241\jre\bin\server\jvm.dll
0x00007ffb007b0000 - 0x00007ffb007b8000 	C:\WINDOWS\System32\PSAPI.DLL
0x00007ffafea00000 - 0x00007ffafea0a000 	C:\WINDOWS\SYSTEM32\VERSION.dll
0x00007ffae3920000 - 0x00007ffae3929000 	C:\WINDOWS\SYSTEM32\WSOCK32.dll
0x00007ffaeb3d0000 - 0x00007ffaeb3f7000 	C:\WINDOWS\SYSTEM32\WINMM.dll
0x00007ffb00a60000 - 0x00007ffb00acb000 	C:\WINDOWS\System32\WS2_32.dll
0x00007ffad4da0000 - 0x00007ffad4daf000 	C:\Program Files\Java\jdk1.8.0_241\jre\bin\verify.dll
0x00007ffabcd80000 - 0x00007ffabcda9000 	C:\Program Files\Java\jdk1.8.0_241\jre\bin\java.dll
0x00007ffabd450000 - 0x00007ffabd466000 	C:\Program Files\Java\jdk1.8.0_241\jre\bin\zip.dll

VM Arguments:
jvm_args: -ea -Dfile.encoding=Cp1252 
java_command: org.testng.remote.RemoteTestNG -serport 52556 -protocol json -d C:\Users\ranad\git\ExtentReport_v3\test-output C:\Users\ranad\git\ExtentReport_v3\testng.xml
java_class_path (initial): C:\Users\ranad\eclipse\java-2020-09\eclipse\configuration\org.eclipse.osgi\469\0\.cp\lib\testng-remote.jar;C:\Users\ranad\git\ExtentReport_v3\target\test-classes;C:\Users\ranad\git\ExtentReport_v3\target\classes;D:\Eclipse_Development\lib\hamcrest-core-1.3.jar;D:\Eclipse_Development\lib\jcommander-1.7.jar;D:\Eclipse_Development\lib\junit-4.13.jar;D:\Eclipse_Development\lib\selenium-server-3.141.59.jar;D:\Eclipse_Development\lib\testng-6.7.jar;C:\Users\ranad\.m2\repository\org\seleniumhq\selenium\selenium-java\3.12.0\selenium-java-3.12.0.jar;C:\Users\ranad\.m2\repository\org\seleniumhq\selenium\selenium-api\3.12.0\selenium-api-3.12.0.jar;C:\Users\ranad\.m2\repository\org\seleniumhq\selenium\selenium-chrome-driver\3.12.0\selenium-chrome-driver-3.12.0.jar;C:\Users\ranad\.m2\repository\org\seleniumhq\selenium\selenium-edge-driver\3.12.0\selenium-edge-driver-3.12.0.jar;C:\Users\ranad\.m2\repository\org\seleniumhq\selenium\selenium-firefox-driver\3.12.0\selenium-firefox-driver-3.12.0.jar;C:\Users\ranad\.m2\repository\org\seleniumhq\selenium\selenium-ie-driver\3.12.0\selenium-ie-driver-3.12.0.jar;C:\Users\ranad\.m2\repository\org\seleniumhq\selenium\selenium-opera-driver\3.12.0\selenium-opera-driver-3.12.0.jar;C:\Users\ranad\.m2\repository\org\seleniumhq\selenium\selenium-remote-driver\3.12.0\selenium-remote-driver-3.12.0.jar;C:\Users\ranad\.m2\repository\org\seleniumhq\selenium\selenium-safari-driver\3.12.0\selenium-safari-driver-3.12.0.jar;C:\Users\ranad\.m2\repository\org\seleniumhq\selenium\selenium-support\3.12.0\selenium-support-3.12.0.jar;C:\Users\ranad\.m2\repository\net\bytebuddy\byte-buddy\1.8.3\byte-buddy-1.8.3.jar;C:\Users\ranad\.m2\repository\org\apache\commons\commons-exec\1.3\commons-exec-1.3.jar;C:\Users\ranad\.m2\repository\commons-codec\commons-codec\1.10\commons-codec-1.10.jar;C:\Users\ranad\.m2\repository\commons-logging\commons-logging\1.2\commons-logging-1.2.jar;C:\Users\ranad\.m2\repository\com\google\code\gson\gson\2.8.2
Launcher Type: SUN_STANDARD

Environment Variables:
JAVA_HOME=C:\Program Files\Java\jdk1.8.0_241
PATH=C:/Program Files/Java/jdk-15.0.1/bin/server;C:/Program Files/Java/jdk-15.0.1/bin;C:\Python39\Scripts\;C:\Python39\;C:\Program Files (x86)\Common Files\Oracle\Java\javapath;C:\Program Files\Common Files\Oracle\Java\javapath;C:\Program Files (x86)\RSA SecurID Token Common;C:\Program Files\RSA SecurID Token Common;C:\Python38\Scripts\;C:\Python38\;C:\Program Files (x86)\Razer Chroma SDK\bin;C:\Program Files\Razer Chroma SDK\bin;C:\Program Files (x86)\Razer\ChromaBroadcast\bin;C:\Program Files\Razer\ChromaBroadcast\bin;C:\Windows\system32;C:\Windows;C:\Windows\System32\Wbem;C:\Windows\System32\WindowsPowerShell\v1.0\;C:\Windows\System32\OpenSSH\;C:\Program Files (x86)\NVIDIA Corporation\PhysX\Common;C:\Program Files\NVIDIA Corporation\NVIDIA NvDLISR;C:\Windows\system32\config\systemprofile\AppData\Local\Microsoft\WindowsApps;C:\Program Files (x86)\Common Files\Seagate\VirtualFile\;C:\Program Files (x86)\Common Files\Seagate\VirtualFile64\;C:\Program Files (x86)\Common Files\Seagate\SnapAPI\;C:\WINDOWS\system32;C:\WINDOWS;C:\WINDOWS\System32\Wbem;C:\WINDOWS\System32\WindowsPowerShell\v1.0\;C:\WINDOWS\System32\OpenSSH\;C:\Program Files (x86)\Touch Portal\plugins\adb\platform-tools;C:\Program Files\PuTTY\;C:\Program Files\dotnet\;C:\Users\ranad\AppData\Local\Android\Sdk\;C:\Program Files\Git\cmd;C:\ProgramData\chocolatey\bin;C:\Program Files (x86)\Intel\Intel(R) Management Engine Components\DAL;C:\Program Files\Intel\Intel(R) Management Engine Components\DAL;C:\Program Files\nodejs\;C:\Program Files\Microsoft SQL Server\130\Tools\Binn\;C:\Program Files\Microsoft SQL Server\Client SDK\ODBC\170\Tools\Binn\;C:\Program Files\Docker\Docker\resources\bin;C:\ProgramData\DockerDesktop\version-bin;C:\Users\ranad\scoop\shims;C:\Program Files\RSA SecurID Token Common\;C:\Users\ranad\AppData\Local\atom\bin;C:\Users\ranad\AppData\Roaming\npm;C:\Users\ranad\.dotnet\tools;C:\WINDOWS\System32;
USERNAME=ranadheer143
OS=Windows_NT
PROCESSOR_IDENTIFIER=Intel64 Family 6 Model 158 Stepping 10, GenuineIntel



---------------  S Y S T E M  ---------------

OS: Windows 10.0 , 64 bit Build 19041 (10.0.19041.804)

CPU:total 12 (initial active 12) (6 cores per cpu, 2 threads per core) family 6 model 158 stepping 10, cmov, cx8, fxsr, mmx, sse, sse2, sse3, ssse3, sse4.1, sse4.2, popcnt, avx, avx2, aes, clmul, erms, 3dnowpref, lzcnt, ht, tsc, tscinvbit, bmi1, bmi2, adx

Memory: 4k page, physical 16567332k(1315080k free), swap 30138916k(6120k free)

vm_info: Java HotSpot(TM) 64-Bit Server VM (25.241-b07) for windows-amd64 JRE (1.8.0_241-b07), built on Dec 11 2019 10:21:40 by "rejava" with MS VC++ 10.0 (VS2010)

time: Sat Mar 06 00:37:22 2021
timezone: Central Standard Time
elapsed time: 0 seconds (0d 0h 0m 0s)

